<?xml version="1.0" encoding="UTF-8"?>
<testsuite name="TestSuite" time="83.02" tests="3" errors="0" skipped="0" failures="0">
  <properties>
    <property name="java.vendor" value="Oracle Corporation"/>
    <property name="JOB_NAME" value="WebDriverTest"/>
    <property name="sun.java.launcher" value="SUN_STANDARD"/>
    <property name="NUMBER_OF_PROCESSORS" value="2"/>
    <property name="sun.management.compiler" value="HotSpot Client Compiler"/>
    <property name="JENKINS_HOME" value="C:\Users\JUNEJA\.jenkins"/>
    <property name="HUDSON_SERVER_COOKIE" value="54aa1060b9cf588a"/>
    <property name="POM_ARTIFACTID" value="ZERODHA"/>
    <property name="os.name" value="Windows 7"/>
    <property name="sun.boot.class.path" value="C:\Program Files\Java\jdk1.8.0_161\jre\lib\resources.jar;C:\Program Files\Java\jdk1.8.0_161\jre\lib\rt.jar;C:\Program Files\Java\jdk1.8.0_161\jre\lib\sunrsasign.jar;C:\Program Files\Java\jdk1.8.0_161\jre\lib\jsse.jar;C:\Program Files\Java\jdk1.8.0_161\jre\lib\jce.jar;C:\Program Files\Java\jdk1.8.0_161\jre\lib\charsets.jar;C:\Program Files\Java\jdk1.8.0_161\jre\lib\jfr.jar;C:\Program Files\Java\jdk1.8.0_161\jre\classes"/>
    <property name="EXECUTOR_NUMBER" value="1"/>
    <property name="sun.desktop" value="windows"/>
    <property name="PATHEXT" value=".COM;.EXE;.BAT;.CMD;.VBS;.VBE;.JS;.JSE;.WSF;.WSH;.MSC"/>
    <property name="java.vm.specification.vendor" value="Oracle Corporation"/>
    <property name="POM_DISPLAYNAME" value="ZERODHA"/>
    <property name="NODE_LABELS" value="master"/>
    <property name="TEMP" value="C:\Users\JUNEJA\AppData\Local\Temp"/>
    <property name="java.runtime.version" value="1.8.0_161-b12"/>
    <property name="user.name" value="JUNEJA"/>
    <property name="LSERVRC" value="C:\Program Files\Common Files\Mercury Interactive\License Manager\lservrc"/>
    <property name="guice.disable.misplaced.annotation.check" value="true"/>
    <property name="ProgramFiles" value="C:\Program Files"/>
    <property name="PROMPT" value="$P$G"/>
    <property name="user.language" value="en"/>
    <property name="BUILD_DISPLAY_NAME" value="#3"/>
    <property name="sun.boot.library.path" value="C:\Program Files\Java\jdk1.8.0_161\jre\bin"/>
    <property name="LOCALAPPDATA" value="C:\Users\JUNEJA\AppData\Local"/>
    <property name="java.version" value="1.8.0_161"/>
    <property name="PROCESSOR_LEVEL" value="6"/>
    <property name="user.timezone" value="Asia/Calcutta"/>
    <property name="USERNAME" value="JUNEJA"/>
    <property name="sun.arch.data.model" value="32"/>
    <property name="NODE_NAME" value="master"/>
    <property name="java.endorsed.dirs" value="C:\Program Files\Java\jdk1.8.0_161\jre\lib\endorsed"/>
    <property name="BUILD_ID" value="3"/>
    <property name="sun.cpu.isalist" value="pentium_pro+mmx pentium_pro pentium+mmx pentium i486 i386 i86"/>
    <property name="sun.jnu.encoding" value="Cp1252"/>
    <property name="file.encoding.pkg" value="sun.io"/>
    <property name="file.separator" value="\"/>
    <property name="java.specification.name" value="Java Platform API Specification"/>
    <property name="HOMEDRIVE" value="C:"/>
    <property name="java.class.version" value="52.0"/>
    <property name="=::" value="::\"/>
    <property name="org.slf4j.simpleLogger.defaultLogLevel" value="info"/>
    <property name="user.country" value="IN"/>
    <property name="ALLUSERSPROFILE" value="C:\ProgramData"/>
    <property name="java.home" value="C:\Program Files\Java\jdk1.8.0_161\jre"/>
    <property name="java.vm.info" value="mixed mode, sharing"/>
    <property name="os.version" value="6.1"/>
    <property name="=ExitCode" value="00000001"/>
    <property name="POM_VERSION" value="0.0.1-SNAPSHOT"/>
    <property name="TMP" value="C:\Users\JUNEJA\AppData\Local\Temp"/>
    <property name="path.separator" value=";"/>
    <property name="java.vm.version" value="25.161-b12"/>
    <property name="user.variant" value=""/>
    <property name="java.awt.printerjob" value="sun.awt.windows.WPrinterJob"/>
    <property name="FP_NO_HOST_CHECK" value="NO"/>
    <property name="JAVA_HOME" value="C:\Program Files\Java\jdk1.8.0_161"/>
    <property name="sun.io.unicode.encoding" value="UnicodeLittle"/>
    <property name="CommonProgramFiles" value="C:\Program Files\Common Files"/>
    <property name="ComSpec" value="C:\Windows\system32\cmd.exe"/>
    <property name="HOMEPATH" value="\Users\JUNEJA"/>
    <property name="awt.toolkit" value="sun.awt.windows.WToolkit"/>
    <property name="POM_PACKAGING" value="jar"/>
    <property name="COMPUTERNAME" value="JUNEJA-PC"/>
    <property name="user.script" value=""/>
    <property name="POM_GROUPID" value="ZERODHA"/>
    <property name="PUBLIC" value="C:\Users\Public"/>
    <property name="user.home" value="C:\Users\JUNEJA"/>
    <property name="BUILD_TAG" value="jenkins-WebDriverTest-3"/>
    <property name="JENKINS_SERVER_COOKIE" value="54aa1060b9cf588a"/>
    <property name="HUDSON_URL" value="http://localhost:8080/"/>
    <property name="ProgramData" value="C:\ProgramData"/>
    <property name="java.specification.vendor" value="Oracle Corporation"/>
    <property name="USERPROFILE" value="C:\Users\JUNEJA"/>
    <property name="CLASSPATH" value=""/>
    <property name="java.vendor.url" value="http://java.oracle.com/"/>
    <property name="java.library.path" value="C:\Program Files\Java\jdk1.8.0_161\bin;C:\Windows\Sun\Java\bin;C:\Windows\system32;C:\Windows;C:\maven\apache-maven-3.3.9/bin;C:\Program Files\Java\jdk1.8.0_161/bin;C:\Program Files\Java\jdk1.8.0_161/bin;C:\ProgramData\Oracle\Java\javapath;C:\Perl\bin\;C:\Windows\system32;C:\Windows;C:\Windows\System32\Wbem;C:\Windows\System32\WindowsPowerShell\v1.0\;C:\maven\apache-maven-3.3.9\bin;."/>
    <property name="java.vm.vendor" value="Oracle Corporation"/>
    <property name="APPDATA" value="C:\Users\JUNEJA\AppData\Roaming"/>
    <property name="java.runtime.name" value="Java(TM) SE Runtime Environment"/>
    <property name="maven.home" value="C:\maven\apache-maven-3.3.9"/>
    <property name="java.class.path" value="C:\Users\JUNEJA\.jenkins\plugins\maven-plugin\WEB-INF\lib\maven31-agent-1.5.jar;C:\maven\apache-maven-3.3.9\boot\plexus-classworlds-2.5.2.jar;C:\maven\apache-maven-3.3.9/conf/logging"/>
    <property name="sun.java.command" value="jenkins.maven3.agent.Maven31Main C:\maven\apache-maven-3.3.9 C:\Users\JUNEJA\.jenkins\war\WEB-INF\lib\remoting-2.53.3.jar C:\Users\JUNEJA\.jenkins\plugins\maven-plugin\WEB-INF\lib\maven31-interceptor-1.5.jar C:\Users\JUNEJA\.jenkins\plugins\maven-plugin\WEB-INF\lib\maven3-interceptor-commons-1.5.jar 59572"/>
    <property name="LSHOST" value="AEAMAUIK-YAFEKEKJJKEEA-BCJGI"/>
    <property name="Path" value="C:\Program Files\Java\jdk1.8.0_161/bin;C:\ProgramData\Oracle\Java\javapath;C:\Perl\bin\;C:\Windows\system32;C:\Windows;C:\Windows\System32\Wbem;C:\Windows\System32\WindowsPowerShell\v1.0\;C:\maven\apache-maven-3.3.9\bin"/>
    <property name="java.vm.specification.name" value="Java Virtual Machine Specification"/>
    <property name="PROCESSOR_ARCHITECTURE" value="x86"/>
    <property name="PATH+JDK" value="C:\Program Files\Java\jdk1.8.0_161/bin"/>
    <property name="PROCESSOR_IDENTIFIER" value="x86 Family 6 Model 15 Stepping 13, GenuineIntel"/>
    <property name="SESSIONNAME" value="Console"/>
    <property name="java.vm.specification.version" value="1.8"/>
    <property name="sun.os.patch.level" value=""/>
    <property name="sun.cpu.endian" value="little"/>
    <property name="M2_HOME" value="C:\maven\apache-maven-3.3.9"/>
    <property name="java.io.tmpdir" value="C:\Users\JUNEJA\AppData\Local\Temp\"/>
    <property name="OS" value="Windows_NT"/>
    <property name="HUDSON_HOME" value="C:\Users\JUNEJA\.jenkins"/>
    <property name="PATH+MAVEN" value="C:\maven\apache-maven-3.3.9/bin"/>
    <property name="BUILD_URL" value="http://localhost:8080/job/WebDriverTest/3/"/>
    <property name="java.vendor.url.bug" value="http://bugreport.sun.com/bugreport/"/>
    <property name="java.awt.graphicsenv" value="sun.awt.Win32GraphicsEnvironment"/>
    <property name="os.arch" value="x86"/>
    <property name="SystemRoot" value="C:\Windows"/>
    <property name="java.ext.dirs" value="C:\Program Files\Java\jdk1.8.0_161\jre\lib\ext;C:\Windows\Sun\Java\lib\ext"/>
    <property name="user.dir" value="C:\Users\JUNEJA\eclipse-workspace\ZERODHA"/>
    <property name="JOB_URL" value="http://localhost:8080/job/WebDriverTest/"/>
    <property name="sqlite" value="C:\&gt;sqlite"/>
    <property name="LOGONSERVER" value="\\JUNEJA-PC"/>
    <property name="USERDOMAIN" value="JUNEJA-PC"/>
    <property name="line.separator" value="&#10;"/>
    <property name="MAVEN_HOME" value="C:\maven\apache-maven-3.3.9"/>
    <property name="java.vm.name" value="Java HotSpot(TM) Client VM"/>
    <property name="BUILD_NUMBER" value="3"/>
    <property name="JENKINS_URL" value="http://localhost:8080/"/>
    <property name="PROCESSOR_REVISION" value="0f0d"/>
    <property name="windir" value="C:\Windows"/>
    <property name="=C:" value="C:\Users\JUNEJA\Desktop\14th April 2018 Batch_"/>
    <property name="file.encoding" value="Cp1252"/>
    <property name="SystemDrive" value="C:"/>
    <property name="maven3.interceptor" value="C:\Users\JUNEJA\.jenkins\plugins\maven-plugin\WEB-INF\lib\maven31-interceptor-1.5.jar"/>
    <property name="WORKSPACE" value="C:\Users\JUNEJA\.jenkins\workspace\WebDriverTest"/>
    <property name="maven3.interceptor.common" value="C:\Users\JUNEJA\.jenkins\plugins\maven-plugin\WEB-INF\lib\maven3-interceptor-commons-1.5.jar"/>
    <property name="java.specification.version" value="1.8"/>
    <property name="PSModulePath" value="C:\Windows\system32\WindowsPowerShell\v1.0\Modules\"/>
  </properties>
  <testcase name="websiteLogin" classname="com.moneycontrol.TestCases.TestCase_MoneyControl" time="49.993"/>
  <testcase name="getStockMyWatchList" classname="com.moneycontrol.TestCases.TestCase_MoneyControl" time="25.57"/>
  <testcase name="writingInToExcel" classname="com.moneycontrol.TestCases.TestCase_MoneyControl" time="7.457"/>
</testsuite>