<?xml version="1.0" encoding="UTF-8"?>
<!-- Generated by org.testng.reporters.JUnitReportReporter -->
<testsuite skipped="0" hostname="JUNEJA-PC" name="com.moneycontrol.RoughWork.Login" tests="1" failures="0" timestamp="19 Aug 2018 11:38:10 GMT" time="39.210" errors="0">
  <testcase name="siteLogin" time="39.210" classname="com.moneycontrol.RoughWork.Login"/>
</testsuite> <!-- com.moneycontrol.RoughWork.Login -->
