<?xml version="1.0" encoding="UTF-8"?>
<!-- Generated by org.testng.reporters.JUnitReportReporter -->
<testsuite skipped="0" hostname="JUNEJA-PC" name="com.moneycontrol.TestCases.TestCase_MoneyControl" tests="3" failures="0" timestamp="11 Aug 2018 19:39:36 GMT" time="83.021" errors="0">
  <testcase name="websiteLogin" time="49.971" classname="com.moneycontrol.TestCases.TestCase_MoneyControl"/>
  <testcase name="getStockMyWatchList" time="25.593" classname="com.moneycontrol.TestCases.TestCase_MoneyControl"/>
  <testcase name="writingInToExcel" time="7.457" classname="com.moneycontrol.TestCases.TestCase_MoneyControl"/>
</testsuite> <!-- com.moneycontrol.TestCases.TestCase_MoneyControl -->
